[12-Sep-2017 18:19:47 UTC] PHP Parse error:  syntax error, unexpected '{', expecting ']' in /home/ubuntu/workspace/brduncan/practice/arrays.php on line 39
[12-Sep-2017 18:24:51 UTC] PHP Fatal error:  Only variables can be passed by reference in /home/ubuntu/workspace/brduncan/practice/arrays.php on line 43
[12-Sep-2017 18:25:06 UTC] PHP Warning:  sort() expects parameter 1 to be array, null given in /home/ubuntu/workspace/brduncan/practice/arrays.php on line 43
[12-Sep-2017 18:25:06 UTC] PHP Stack trace:
[12-Sep-2017 18:25:06 UTC] PHP   1. {main}() /home/ubuntu/workspace/brduncan/practice/arrays.php:0
[12-Sep-2017 18:25:06 UTC] PHP   2. sort() /home/ubuntu/workspace/brduncan/practice/arrays.php:43
[12-Sep-2017 18:26:47 UTC] PHP Warning:  sort() expects parameter 1 to be array, null given in /home/ubuntu/workspace/brduncan/practice/arrays.php on line 43
[12-Sep-2017 18:26:47 UTC] PHP Stack trace:
[12-Sep-2017 18:26:47 UTC] PHP   1. {main}() /home/ubuntu/workspace/brduncan/practice/arrays.php:0
[12-Sep-2017 18:26:47 UTC] PHP   2. sort() /home/ubuntu/workspace/brduncan/practice/arrays.php:43
[12-Sep-2017 18:26:47 UTC] PHP Warning:  rsort() expects parameter 1 to be array, null given in /home/ubuntu/workspace/brduncan/practice/arrays.php on line 44
[12-Sep-2017 18:26:47 UTC] PHP Stack trace:
[12-Sep-2017 18:26:47 UTC] PHP   1. {main}() /home/ubuntu/workspace/brduncan/practice/arrays.php:0
[12-Sep-2017 18:26:47 UTC] PHP   2. rsort() /home/ubuntu/workspace/brduncan/practice/arrays.php:44
[26-Sep-2017 06:26:34 UTC] PHP Fatal error:  Function name must be a string in /home/ubuntu/workspace/brduncan/practice/returnData.php on line 8
[26-Sep-2017 06:26:34 UTC] PHP Stack trace:
[26-Sep-2017 06:26:34 UTC] PHP   1. {main}() /home/ubuntu/workspace/brduncan/practice/returnData.php:0
[10-Oct-2017 18:34:05 UTC] PHP Fatal error:  Call to undefined function displayRandomQuote() in /home/ubuntu/workspace/brduncan/practice/joins.php on line 108
[10-Oct-2017 18:34:05 UTC] PHP Stack trace:
[10-Oct-2017 18:34:05 UTC] PHP   1. {main}() /home/ubuntu/workspace/brduncan/practice/joins.php:0
[10-Oct-2017 18:35:29 UTC] PHP Fatal error:  Uncaught exception 'PDOException' with message 'SQLSTATE[42S02]: Base table or view not found: 1146 Table 'quotes.q_quotes' doesn't exist' in /home/ubuntu/workspace/brduncan/practice/joins.php:43
Stack trace:
#0 /home/ubuntu/workspace/brduncan/practice/joins.php(43): PDOStatement->execute()
#1 /home/ubuntu/workspace/brduncan/practice/joins.php(126): displayRandomQuote()
#2 {main}
  thrown in /home/ubuntu/workspace/brduncan/practice/joins.php on line 43
[10-Oct-2017 18:44:36 UTC] PHP Fatal error:  Uncaught exception 'PDOException' with message 'SQLSTATE[42S22]: Column not found: 1054 Unknown column 'Array' in 'where clause'' in /home/ubuntu/workspace/brduncan/practice/joins.php:80
Stack trace:
#0 /home/ubuntu/workspace/brduncan/practice/joins.php(80): PDOStatement->execute()
#1 /home/ubuntu/workspace/brduncan/practice/joins.php(162): displayRandomQuote()
#2 {main}
  thrown in /home/ubuntu/workspace/brduncan/practice/joins.php on line 80
[10-Oct-2017 18:45:22 UTC] PHP Parse error:  syntax error, unexpected '[', expecting ',' or ';' in /home/ubuntu/workspace/brduncan/practice/joins.php on line 76
[10-Oct-2017 18:45:35 UTC] PHP Fatal error:  Uncaught exception 'PDOException' with message 'SQLSTATE[42S22]: Column not found: 1054 Unknown column 'Array' in 'where clause'' in /home/ubuntu/workspace/brduncan/practice/joins.php:81
Stack trace:
#0 /home/ubuntu/workspace/brduncan/practice/joins.php(81): PDOStatement->execute()
#1 /home/ubuntu/workspace/brduncan/practice/joins.php(163): displayRandomQuote()
#2 {main}
  thrown in /home/ubuntu/workspace/brduncan/practice/joins.php on line 81
[10-Oct-2017 18:46:00 UTC] PHP Fatal error:  Uncaught exception 'PDOException' with message 'SQLSTATE[42S22]: Column not found: 1054 Unknown column 'Array' in 'where clause'' in /home/ubuntu/workspace/brduncan/practice/joins.php:81
Stack trace:
#0 /home/ubuntu/workspace/brduncan/practice/joins.php(81): PDOStatement->execute()
#1 /home/ubuntu/workspace/brduncan/practice/joins.php(163): displayRandomQuote()
#2 {main}
  thrown in /home/ubuntu/workspace/brduncan/practice/joins.php on line 81
[10-Oct-2017 18:46:15 UTC] PHP Fatal error:  Uncaught exception 'PDOException' with message 'SQLSTATE[42000]: Syntax error or access violation: 1064 You have an error in your SQL syntax; check the manual that corresponds to your MySQL server version for the right syntax to use near '['quoteID']' at line 1' in /home/ubuntu/workspace/brduncan/practice/joins.php:81
Stack trace:
#0 /home/ubuntu/workspace/brduncan/practice/joins.php(81): PDOStatement->execute()
#1 /home/ubuntu/workspace/brduncan/practice/joins.php(163): displayRandomQuote()
#2 {main}
  thrown in /home/ubuntu/workspace/brduncan/practice/joins.php on line 81
[10-Oct-2017 18:46:38 UTC] PHP Fatal error:  Uncaught exception 'PDOException' with message 'SQLSTATE[42000]: Syntax error or access violation: 1064 You have an error in your SQL syntax; check the manual that corresponds to your MySQL server version for the right syntax to use near '['quoteId']' at line 1' in /home/ubuntu/workspace/brduncan/practice/joins.php:81
Stack trace:
#0 /home/ubuntu/workspace/brduncan/practice/joins.php(81): PDOStatement->execute()
#1 /home/ubuntu/workspace/brduncan/practice/joins.php(163): displayRandomQuote()
#2 {main}
  thrown in /home/ubuntu/workspace/brduncan/practice/joins.php on line 81
[18-Oct-2017 03:52:57 UTC] PHP Warning:  include(../includes/dbConn.php): failed to open stream: No such file or directory in /home/ubuntu/workspace/brduncan/practice/midtermPractice2.php on line 3
[18-Oct-2017 03:52:57 UTC] PHP Stack trace:
[18-Oct-2017 03:52:57 UTC] PHP   1. {main}() /home/ubuntu/workspace/brduncan/practice/midtermPractice2.php:0
[18-Oct-2017 03:52:57 UTC] PHP Warning:  include(): Failed opening '../includes/dbConn.php' for inclusion (include_path='.:/usr/share/php:/usr/share/pear') in /home/ubuntu/workspace/brduncan/practice/midtermPractice2.php on line 3
[18-Oct-2017 03:52:57 UTC] PHP Stack trace:
[18-Oct-2017 03:52:57 UTC] PHP   1. {main}() /home/ubuntu/workspace/brduncan/practice/midtermPractice2.php:0
[18-Oct-2017 03:52:57 UTC] PHP Fatal error:  Call to undefined function getConnection() in /home/ubuntu/workspace/brduncan/practice/midtermPractice2.php on line 4
[18-Oct-2017 03:52:57 UTC] PHP Stack trace:
[18-Oct-2017 03:52:57 UTC] PHP   1. {main}() /home/ubuntu/workspace/brduncan/practice/midtermPractice2.php:0
[18-Oct-2017 03:53:09 UTC] PHP Warning:  include(../../includes/dbConn.php): failed to open stream: No such file or directory in /home/ubuntu/workspace/brduncan/practice/midtermPractice2.php on line 3
[18-Oct-2017 03:53:09 UTC] PHP Stack trace:
[18-Oct-2017 03:53:09 UTC] PHP   1. {main}() /home/ubuntu/workspace/brduncan/practice/midtermPractice2.php:0
[18-Oct-2017 03:53:09 UTC] PHP Warning:  include(): Failed opening '../../includes/dbConn.php' for inclusion (include_path='.:/usr/share/php:/usr/share/pear') in /home/ubuntu/workspace/brduncan/practice/midtermPractice2.php on line 3
[18-Oct-2017 03:53:09 UTC] PHP Stack trace:
[18-Oct-2017 03:53:09 UTC] PHP   1. {main}() /home/ubuntu/workspace/brduncan/practice/midtermPractice2.php:0
[18-Oct-2017 03:53:09 UTC] PHP Fatal error:  Call to undefined function getConnection() in /home/ubuntu/workspace/brduncan/practice/midtermPractice2.php on line 4
[18-Oct-2017 03:53:09 UTC] PHP Stack trace:
[18-Oct-2017 03:53:09 UTC] PHP   1. {main}() /home/ubuntu/workspace/brduncan/practice/midtermPractice2.php:0
[18-Oct-2017 03:53:19 UTC] PHP Warning:  include(../../../includes/dbConn.php): failed to open stream: No such file or directory in /home/ubuntu/workspace/brduncan/practice/midtermPractice2.php on line 3
[18-Oct-2017 03:53:19 UTC] PHP Stack trace:
[18-Oct-2017 03:53:19 UTC] PHP   1. {main}() /home/ubuntu/workspace/brduncan/practice/midtermPractice2.php:0
[18-Oct-2017 03:53:19 UTC] PHP Warning:  include(): Failed opening '../../../includes/dbConn.php' for inclusion (include_path='.:/usr/share/php:/usr/share/pear') in /home/ubuntu/workspace/brduncan/practice/midtermPractice2.php on line 3
[18-Oct-2017 03:53:19 UTC] PHP Stack trace:
[18-Oct-2017 03:53:19 UTC] PHP   1. {main}() /home/ubuntu/workspace/brduncan/practice/midtermPractice2.php:0
[18-Oct-2017 03:53:19 UTC] PHP Fatal error:  Call to undefined function getConnection() in /home/ubuntu/workspace/brduncan/practice/midtermPractice2.php on line 4
[18-Oct-2017 03:53:19 UTC] PHP Stack trace:
[18-Oct-2017 03:53:19 UTC] PHP   1. {main}() /home/ubuntu/workspace/brduncan/practice/midtermPractice2.php:0
[18-Oct-2017 03:53:46 UTC] PHP Fatal error:  Call to undefined function getConnection() in /home/ubuntu/workspace/brduncan/practice/midtermPractice2.php on line 4
[18-Oct-2017 03:53:46 UTC] PHP Stack trace:
[18-Oct-2017 03:53:46 UTC] PHP   1. {main}() /home/ubuntu/workspace/brduncan/practice/midtermPractice2.php:0
[18-Oct-2017 03:53:59 UTC] PHP Warning:  include(../../dbConnection.php): failed to open stream: No such file or directory in /home/ubuntu/workspace/brduncan/practice/midtermPractice2.php on line 3
[18-Oct-2017 03:53:59 UTC] PHP Stack trace:
[18-Oct-2017 03:53:59 UTC] PHP   1. {main}() /home/ubuntu/workspace/brduncan/practice/midtermPractice2.php:0
[18-Oct-2017 03:53:59 UTC] PHP Warning:  include(): Failed opening '../../dbConnection.php' for inclusion (include_path='.:/usr/share/php:/usr/share/pear') in /home/ubuntu/workspace/brduncan/practice/midtermPractice2.php on line 3
[18-Oct-2017 03:53:59 UTC] PHP Stack trace:
[18-Oct-2017 03:53:59 UTC] PHP   1. {main}() /home/ubuntu/workspace/brduncan/practice/midtermPractice2.php:0
[18-Oct-2017 03:53:59 UTC] PHP Fatal error:  Call to undefined function getConnection() in /home/ubuntu/workspace/brduncan/practice/midtermPractice2.php on line 4
[18-Oct-2017 03:53:59 UTC] PHP Stack trace:
[18-Oct-2017 03:53:59 UTC] PHP   1. {main}() /home/ubuntu/workspace/brduncan/practice/midtermPractice2.php:0
[19-Oct-2017 17:06:21 UTC] PHP Warning:  include(../../dbConnection.php): failed to open stream: No such file or directory in /home/ubuntu/workspace/brduncan/midterm/program2.php on line 9
[19-Oct-2017 17:06:21 UTC] PHP Stack trace:
[19-Oct-2017 17:06:21 UTC] PHP   1. {main}() /home/ubuntu/workspace/brduncan/midterm/program2.php:0
[19-Oct-2017 17:06:21 UTC] PHP Warning:  include(): Failed opening '../../dbConnection.php' for inclusion (include_path='.:/usr/share/php:/usr/share/pear') in /home/ubuntu/workspace/brduncan/midterm/program2.php on line 9
[19-Oct-2017 17:06:21 UTC] PHP Stack trace:
[19-Oct-2017 17:06:21 UTC] PHP   1. {main}() /home/ubuntu/workspace/brduncan/midterm/program2.php:0
[19-Oct-2017 17:06:21 UTC] PHP Fatal error:  Call to undefined function getDatabaseConnection() in /home/ubuntu/workspace/brduncan/midterm/program2.php on line 11
[19-Oct-2017 17:06:21 UTC] PHP Stack trace:
[19-Oct-2017 17:06:21 UTC] PHP   1. {main}() /home/ubuntu/workspace/brduncan/midterm/program2.php:0
[19-Oct-2017 17:07:56 UTC] PHP Warning:  include(../dbConnection1.php): failed to open stream: No such file or directory in /home/ubuntu/workspace/brduncan/midterm/program2.php on line 9
[19-Oct-2017 17:07:56 UTC] PHP Stack trace:
[19-Oct-2017 17:07:56 UTC] PHP   1. {main}() /home/ubuntu/workspace/brduncan/midterm/program2.php:0
[19-Oct-2017 17:07:56 UTC] PHP Warning:  include(): Failed opening '../dbConnection1.php' for inclusion (include_path='.:/usr/share/php:/usr/share/pear') in /home/ubuntu/workspace/brduncan/midterm/program2.php on line 9
[19-Oct-2017 17:07:56 UTC] PHP Stack trace:
[19-Oct-2017 17:07:56 UTC] PHP   1. {main}() /home/ubuntu/workspace/brduncan/midterm/program2.php:0
[19-Oct-2017 17:07:56 UTC] PHP Fatal error:  Call to undefined function getDatabaseConnection() in /home/ubuntu/workspace/brduncan/midterm/program2.php on line 11
[19-Oct-2017 17:07:56 UTC] PHP Stack trace:
[19-Oct-2017 17:07:56 UTC] PHP   1. {main}() /home/ubuntu/workspace/brduncan/midterm/program2.php:0
[19-Oct-2017 17:11:55 UTC] PHP Fatal error:  Uncaught exception 'PDOException' with message 'SQLSTATE[42S02]: Base table or view not found: 1146 Table 'quotes.m_students' doesn't exist' in /home/ubuntu/workspace/brduncan/midterm/program2.php:23
Stack trace:
#0 /home/ubuntu/workspace/brduncan/midterm/program2.php(23): PDOStatement->execute()
#1 /home/ubuntu/workspace/brduncan/midterm/program2.php(39): allFemales()
#2 {main}
  thrown in /home/ubuntu/workspace/brduncan/midterm/program2.php on line 23
[19-Oct-2017 17:12:44 UTC] PHP Fatal error:  Uncaught exception 'PDOException' with message 'SQLSTATE[42000]: Syntax error or access violation: 1064 You have an error in your SQL syntax; check the manual that corresponds to your MySQL server version for the right syntax to use near 'ASC' at line 1' in /home/ubuntu/workspace/brduncan/midterm/program2.php:23
Stack trace:
#0 /home/ubuntu/workspace/brduncan/midterm/program2.php(23): PDOStatement->execute()
#1 /home/ubuntu/workspace/brduncan/midterm/program2.php(39): allFemales()
#2 {main}
  thrown in /home/ubuntu/workspace/brduncan/midterm/program2.php on line 23
[19-Oct-2017 17:13:18 UTC] PHP Fatal error:  Uncaught exception 'PDOException' with message 'SQLSTATE[42000]: Syntax error or access violation: 1064 You have an error in your SQL syntax; check the manual that corresponds to your MySQL server version for the right syntax to use near 'ASC' at line 3' in /home/ubuntu/workspace/brduncan/midterm/program2.php:25
Stack trace:
#0 /home/ubuntu/workspace/brduncan/midterm/program2.php(25): PDOStatement->execute()
#1 /home/ubuntu/workspace/brduncan/midterm/program2.php(41): allFemales()
#2 {main}
  thrown in /home/ubuntu/workspace/brduncan/midterm/program2.php on line 25
[19-Oct-2017 17:13:20 UTC] PHP Fatal error:  Uncaught exception 'PDOException' with message 'SQLSTATE[42000]: Syntax error or access violation: 1064 You have an error in your SQL syntax; check the manual that corresponds to your MySQL server version for the right syntax to use near 'ASC' at line 3' in /home/ubuntu/workspace/brduncan/midterm/program2.php:25
Stack trace:
#0 /home/ubuntu/workspace/brduncan/midterm/program2.php(25): PDOStatement->execute()
#1 /home/ubuntu/workspace/brduncan/midterm/program2.php(41): allFemales()
#2 {main}
  thrown in /home/ubuntu/workspace/brduncan/midterm/program2.php on line 25
[19-Oct-2017 17:15:18 UTC] PHP Parse error:  syntax error, unexpected '$records' (T_VARIABLE), expecting '(' in /home/ubuntu/workspace/brduncan/midterm/program2.php on line 31
[19-Oct-2017 17:24:45 UTC] PHP Fatal error:  Call to undefined function allFaliures() in /home/ubuntu/workspace/brduncan/midterm/program2.php on line 77
[19-Oct-2017 17:24:45 UTC] PHP Stack trace:
[19-Oct-2017 17:24:45 UTC] PHP   1. {main}() /home/ubuntu/workspace/brduncan/midterm/program2.php:0
[19-Oct-2017 17:28:49 UTC] PHP Parse error:  syntax error, unexpected '>' in /home/ubuntu/workspace/brduncan/midterm/program2.php on line 85
[19-Oct-2017 17:32:43 UTC] PHP Fatal error:  Uncaught exception 'PDOException' with message 'SQLSTATE[42S22]: Column not found: 1054 Unknown column 'NOW' in 'where clause'' in /home/ubuntu/workspace/brduncan/midterm/program2.php:74
Stack trace:
#0 /home/ubuntu/workspace/brduncan/midterm/program2.php(74): PDOStatement->execute()
#1 /home/ubuntu/workspace/brduncan/midterm/program2.php(102): notGraded()
#2 {main}
  thrown in /home/ubuntu/workspace/brduncan/midterm/program2.php on line 74
[19-Oct-2017 17:54:22 UTC] PHP Parse error:  syntax error, unexpected '"<br />"' (T_CONSTANT_ENCAPSED_STRING), expecting ',' or ';' in /home/ubuntu/workspace/brduncan/midterm/program2.php on line 137
