[16-Sep-2017 00:59:37 UTC] PHP Fatal error:  Call to undefined function displaySymbol() in /home/ubuntu/workspace/brduncan/hw/hw2/inc/functions.php on line 11
[16-Sep-2017 00:59:37 UTC] PHP Stack trace:
[16-Sep-2017 00:59:37 UTC] PHP   1. {main}() /home/ubuntu/workspace/brduncan/hw/hw2/index.php:0
[16-Sep-2017 00:59:37 UTC] PHP   2. play() /home/ubuntu/workspace/brduncan/hw/hw2/index.php:14
[16-Sep-2017 01:01:04 UTC] PHP Fatal error:  Call to undefined function displaySymbol() in /home/ubuntu/workspace/brduncan/hw/hw2/inc/functions.php on line 11
[16-Sep-2017 01:01:04 UTC] PHP Stack trace:
[16-Sep-2017 01:01:04 UTC] PHP   1. {main}() /home/ubuntu/workspace/brduncan/hw/hw2/index.php:0
[16-Sep-2017 01:01:04 UTC] PHP   2. play() /home/ubuntu/workspace/brduncan/hw/hw2/index.php:14
[16-Sep-2017 01:26:55 UTC] PHP Warning:  Cannot use a scalar value as an array in /home/ubuntu/workspace/brduncan/hw/hw2/inc/functions.php on line 22
[16-Sep-2017 01:26:55 UTC] PHP Stack trace:
[16-Sep-2017 01:26:55 UTC] PHP   1. {main}() /home/ubuntu/workspace/brduncan/hw/hw2/index.php:0
[16-Sep-2017 01:26:55 UTC] PHP   2. play() /home/ubuntu/workspace/brduncan/hw/hw2/index.php:14
[16-Sep-2017 01:26:55 UTC] PHP   3. generateTeams() /home/ubuntu/workspace/brduncan/hw/hw2/inc/functions.php:14
[16-Sep-2017 01:26:55 UTC] PHP Warning:  Cannot use a scalar value as an array in /home/ubuntu/workspace/brduncan/hw/hw2/inc/functions.php on line 22
[16-Sep-2017 01:26:55 UTC] PHP Stack trace:
[16-Sep-2017 01:26:55 UTC] PHP   1. {main}() /home/ubuntu/workspace/brduncan/hw/hw2/index.php:0
[16-Sep-2017 01:26:55 UTC] PHP   2. play() /home/ubuntu/workspace/brduncan/hw/hw2/index.php:14
[16-Sep-2017 01:26:55 UTC] PHP   3. generateTeams() /home/ubuntu/workspace/brduncan/hw/hw2/inc/functions.php:14
[16-Sep-2017 01:26:55 UTC] PHP Warning:  Cannot use a scalar value as an array in /home/ubuntu/workspace/brduncan/hw/hw2/inc/functions.php on line 22
[16-Sep-2017 01:26:55 UTC] PHP Stack trace:
[16-Sep-2017 01:26:55 UTC] PHP   1. {main}() /home/ubuntu/workspace/brduncan/hw/hw2/index.php:0
[16-Sep-2017 01:26:55 UTC] PHP   2. play() /home/ubuntu/workspace/brduncan/hw/hw2/index.php:14
[16-Sep-2017 01:26:55 UTC] PHP   3. generateTeams() /home/ubuntu/workspace/brduncan/hw/hw2/inc/functions.php:14
[16-Sep-2017 01:26:55 UTC] PHP Warning:  Cannot use a scalar value as an array in /home/ubuntu/workspace/brduncan/hw/hw2/inc/functions.php on line 22
[16-Sep-2017 01:26:55 UTC] PHP Stack trace:
[16-Sep-2017 01:26:55 UTC] PHP   1. {main}() /home/ubuntu/workspace/brduncan/hw/hw2/index.php:0
[16-Sep-2017 01:26:55 UTC] PHP   2. play() /home/ubuntu/workspace/brduncan/hw/hw2/index.php:14
[16-Sep-2017 01:26:55 UTC] PHP   3. generateTeams() /home/ubuntu/workspace/brduncan/hw/hw2/inc/functions.php:14
[16-Sep-2017 01:26:55 UTC] PHP Warning:  Cannot use a scalar value as an array in /home/ubuntu/workspace/brduncan/hw/hw2/inc/functions.php on line 22
[16-Sep-2017 01:26:55 UTC] PHP Stack trace:
[16-Sep-2017 01:26:55 UTC] PHP   1. {main}() /home/ubuntu/workspace/brduncan/hw/hw2/index.php:0
[16-Sep-2017 01:26:55 UTC] PHP   2. play() /home/ubuntu/workspace/brduncan/hw/hw2/index.php:14
[16-Sep-2017 01:26:55 UTC] PHP   3. generateTeams() /home/ubuntu/workspace/brduncan/hw/hw2/inc/functions.php:14
[16-Sep-2017 01:26:55 UTC] PHP Warning:  Cannot use a scalar value as an array in /home/ubuntu/workspace/brduncan/hw/hw2/inc/functions.php on line 22
[16-Sep-2017 01:26:55 UTC] PHP Stack trace:
[16-Sep-2017 01:26:55 UTC] PHP   1. {main}() /home/ubuntu/workspace/brduncan/hw/hw2/index.php:0
[16-Sep-2017 01:26:55 UTC] PHP   2. play() /home/ubuntu/workspace/brduncan/hw/hw2/index.php:14
[16-Sep-2017 01:26:55 UTC] PHP   3. generateTeams() /home/ubuntu/workspace/brduncan/hw/hw2/inc/functions.php:14
[16-Sep-2017 01:26:55 UTC] PHP Warning:  Cannot use a scalar value as an array in /home/ubuntu/workspace/brduncan/hw/hw2/inc/functions.php on line 22
[16-Sep-2017 01:26:55 UTC] PHP Stack trace:
[16-Sep-2017 01:26:55 UTC] PHP   1. {main}() /home/ubuntu/workspace/brduncan/hw/hw2/index.php:0
[16-Sep-2017 01:26:55 UTC] PHP   2. play() /home/ubuntu/workspace/brduncan/hw/hw2/index.php:14
[16-Sep-2017 01:26:55 UTC] PHP   3. generateTeams() /home/ubuntu/workspace/brduncan/hw/hw2/inc/functions.php:14
[16-Sep-2017 01:26:55 UTC] PHP Warning:  Cannot use a scalar value as an array in /home/ubuntu/workspace/brduncan/hw/hw2/inc/functions.php on line 22
[16-Sep-2017 01:26:55 UTC] PHP Stack trace:
[16-Sep-2017 01:26:55 UTC] PHP   1. {main}() /home/ubuntu/workspace/brduncan/hw/hw2/index.php:0
[16-Sep-2017 01:26:55 UTC] PHP   2. play() /home/ubuntu/workspace/brduncan/hw/hw2/index.php:14
[16-Sep-2017 01:26:55 UTC] PHP   3. generateTeams() /home/ubuntu/workspace/brduncan/hw/hw2/inc/functions.php:14
[16-Sep-2017 01:26:55 UTC] PHP Warning:  Cannot use a scalar value as an array in /home/ubuntu/workspace/brduncan/hw/hw2/inc/functions.php on line 22
[16-Sep-2017 01:26:55 UTC] PHP Stack trace:
[16-Sep-2017 01:26:55 UTC] PHP   1. {main}() /home/ubuntu/workspace/brduncan/hw/hw2/index.php:0
[16-Sep-2017 01:26:55 UTC] PHP   2. play() /home/ubuntu/workspace/brduncan/hw/hw2/index.php:14
[16-Sep-2017 01:26:55 UTC] PHP   3. generateTeams() /home/ubuntu/workspace/brduncan/hw/hw2/inc/functions.php:14
[16-Sep-2017 01:26:55 UTC] PHP Warning:  Cannot use a scalar value as an array in /home/ubuntu/workspace/brduncan/hw/hw2/inc/functions.php on line 22
[16-Sep-2017 01:26:55 UTC] PHP Stack trace:
[16-Sep-2017 01:26:55 UTC] PHP   1. {main}() /home/ubuntu/workspace/brduncan/hw/hw2/index.php:0
[16-Sep-2017 01:26:55 UTC] PHP   2. play() /home/ubuntu/workspace/brduncan/hw/hw2/index.php:14
[16-Sep-2017 01:26:55 UTC] PHP   3. generateTeams() /home/ubuntu/workspace/brduncan/hw/hw2/inc/functions.php:14
[16-Sep-2017 01:26:55 UTC] PHP Warning:  Cannot use a scalar value as an array in /home/ubuntu/workspace/brduncan/hw/hw2/inc/functions.php on line 22
[16-Sep-2017 01:26:55 UTC] PHP Stack trace:
[16-Sep-2017 01:26:55 UTC] PHP   1. {main}() /home/ubuntu/workspace/brduncan/hw/hw2/index.php:0
[16-Sep-2017 01:26:55 UTC] PHP   2. play() /home/ubuntu/workspace/brduncan/hw/hw2/index.php:14
[16-Sep-2017 01:26:55 UTC] PHP   3. generateTeams() /home/ubuntu/workspace/brduncan/hw/hw2/inc/functions.php:14
[16-Sep-2017 01:26:55 UTC] PHP Warning:  Cannot use a scalar value as an array in /home/ubuntu/workspace/brduncan/hw/hw2/inc/functions.php on line 22
[16-Sep-2017 01:26:55 UTC] PHP Stack trace:
[16-Sep-2017 01:26:55 UTC] PHP   1. {main}() /home/ubuntu/workspace/brduncan/hw/hw2/index.php:0
[16-Sep-2017 01:26:55 UTC] PHP   2. play() /home/ubuntu/workspace/brduncan/hw/hw2/index.php:14
[16-Sep-2017 01:26:55 UTC] PHP   3. generateTeams() /home/ubuntu/workspace/brduncan/hw/hw2/inc/functions.php:14
[16-Sep-2017 01:26:55 UTC] PHP Warning:  Cannot use a scalar value as an array in /home/ubuntu/workspace/brduncan/hw/hw2/inc/functions.php on line 22
[16-Sep-2017 01:26:55 UTC] PHP Stack trace:
[16-Sep-2017 01:26:55 UTC] PHP   1. {main}() /home/ubuntu/workspace/brduncan/hw/hw2/index.php:0
[16-Sep-2017 01:26:55 UTC] PHP   2. play() /home/ubuntu/workspace/brduncan/hw/hw2/index.php:14
[16-Sep-2017 01:26:55 UTC] PHP   3. generateTeams() /home/ubuntu/workspace/brduncan/hw/hw2/inc/functions.php:14
[16-Sep-2017 01:26:55 UTC] PHP Warning:  Cannot use a scalar value as an array in /home/ubuntu/workspace/brduncan/hw/hw2/inc/functions.php on line 22
[16-Sep-2017 01:26:55 UTC] PHP Stack trace:
[16-Sep-2017 01:26:55 UTC] PHP   1. {main}() /home/ubuntu/workspace/brduncan/hw/hw2/index.php:0
[16-Sep-2017 01:26:55 UTC] PHP   2. play() /home/ubuntu/workspace/brduncan/hw/hw2/index.php:14
[16-Sep-2017 01:26:55 UTC] PHP   3. generateTeams() /home/ubuntu/workspace/brduncan/hw/hw2/inc/functions.php:14
[16-Sep-2017 01:26:55 UTC] PHP Warning:  Cannot use a scalar value as an array in /home/ubuntu/workspace/brduncan/hw/hw2/inc/functions.php on line 22
[16-Sep-2017 01:26:55 UTC] PHP Stack trace:
[16-Sep-2017 01:26:55 UTC] PHP   1. {main}() /home/ubuntu/workspace/brduncan/hw/hw2/index.php:0
[16-Sep-2017 01:26:55 UTC] PHP   2. play() /home/ubuntu/workspace/brduncan/hw/hw2/index.php:14
[16-Sep-2017 01:26:55 UTC] PHP   3. generateTeams() /home/ubuntu/workspace/brduncan/hw/hw2/inc/functions.php:14
[16-Sep-2017 01:26:55 UTC] PHP Warning:  Cannot use a scalar value as an array in /home/ubuntu/workspace/brduncan/hw/hw2/inc/functions.php on line 22
[16-Sep-2017 01:26:55 UTC] PHP Stack trace:
[16-Sep-2017 01:26:55 UTC] PHP   1. {main}() /home/ubuntu/workspace/brduncan/hw/hw2/index.php:0
[16-Sep-2017 01:26:55 UTC] PHP   2. play() /home/ubuntu/workspace/brduncan/hw/hw2/index.php:14
[16-Sep-2017 01:26:55 UTC] PHP   3. generateTeams() /home/ubuntu/workspace/brduncan/hw/hw2/inc/functions.php:14
[16-Sep-2017 01:26:55 UTC] PHP Warning:  Cannot use a scalar value as an array in /home/ubuntu/workspace/brduncan/hw/hw2/inc/functions.php on line 22
[16-Sep-2017 01:26:55 UTC] PHP Stack trace:
[16-Sep-2017 01:26:55 UTC] PHP   1. {main}() /home/ubuntu/workspace/brduncan/hw/hw2/index.php:0
[16-Sep-2017 01:26:55 UTC] PHP   2. play() /home/ubuntu/workspace/brduncan/hw/hw2/index.php:14
[16-Sep-2017 01:26:55 UTC] PHP   3. generateTeams() /home/ubuntu/workspace/brduncan/hw/hw2/inc/functions.php:14
[16-Sep-2017 01:26:55 UTC] PHP Warning:  Cannot use a scalar value as an array in /home/ubuntu/workspace/brduncan/hw/hw2/inc/functions.php on line 22
[16-Sep-2017 01:26:55 UTC] PHP Stack trace:
[16-Sep-2017 01:26:55 UTC] PHP   1. {main}() /home/ubuntu/workspace/brduncan/hw/hw2/index.php:0
[16-Sep-2017 01:26:55 UTC] PHP   2. play() /home/ubuntu/workspace/brduncan/hw/hw2/index.php:14
[16-Sep-2017 01:26:55 UTC] PHP   3. generateTeams() /home/ubuntu/workspace/brduncan/hw/hw2/inc/functions.php:14
[16-Sep-2017 01:26:55 UTC] PHP Warning:  Cannot use a scalar value as an array in /home/ubuntu/workspace/brduncan/hw/hw2/inc/functions.php on line 22
[16-Sep-2017 01:26:55 UTC] PHP Stack trace:
[16-Sep-2017 01:26:55 UTC] PHP   1. {main}() /home/ubuntu/workspace/brduncan/hw/hw2/index.php:0
[16-Sep-2017 01:26:55 UTC] PHP   2. play() /home/ubuntu/workspace/brduncan/hw/hw2/index.php:14
[16-Sep-2017 01:26:55 UTC] PHP   3. generateTeams() /home/ubuntu/workspace/brduncan/hw/hw2/inc/functions.php:14
[16-Sep-2017 01:26:55 UTC] PHP Warning:  Cannot use a scalar value as an array in /home/ubuntu/workspace/brduncan/hw/hw2/inc/functions.php on line 22
[16-Sep-2017 01:26:55 UTC] PHP Stack trace:
[16-Sep-2017 01:26:55 UTC] PHP   1. {main}() /home/ubuntu/workspace/brduncan/hw/hw2/index.php:0
[16-Sep-2017 01:26:55 UTC] PHP   2. play() /home/ubuntu/workspace/brduncan/hw/hw2/index.php:14
[16-Sep-2017 01:26:55 UTC] PHP   3. generateTeams() /home/ubuntu/workspace/brduncan/hw/hw2/inc/functions.php:14
[16-Sep-2017 01:26:55 UTC] PHP Warning:  Cannot use a scalar value as an array in /home/ubuntu/workspace/brduncan/hw/hw2/inc/functions.php on line 22
[16-Sep-2017 01:26:55 UTC] PHP Stack trace:
[16-Sep-2017 01:26:55 UTC] PHP   1. {main}() /home/ubuntu/workspace/brduncan/hw/hw2/index.php:0
[16-Sep-2017 01:26:55 UTC] PHP   2. play() /home/ubuntu/workspace/brduncan/hw/hw2/index.php:14
[16-Sep-2017 01:26:55 UTC] PHP   3. generateTeams() /home/ubuntu/workspace/brduncan/hw/hw2/inc/functions.php:14
[16-Sep-2017 01:26:55 UTC] PHP Warning:  Cannot use a scalar value as an array in /home/ubuntu/workspace/brduncan/hw/hw2/inc/functions.php on line 22
[16-Sep-2017 01:26:55 UTC] PHP Stack trace:
[16-Sep-2017 01:26:55 UTC] PHP   1. {main}() /home/ubuntu/workspace/brduncan/hw/hw2/index.php:0
[16-Sep-2017 01:26:55 UTC] PHP   2. play() /home/ubuntu/workspace/brduncan/hw/hw2/index.php:14
[16-Sep-2017 01:26:55 UTC] PHP   3. generateTeams() /home/ubuntu/workspace/brduncan/hw/hw2/inc/functions.php:14
[16-Sep-2017 01:26:55 UTC] PHP Warning:  Cannot use a scalar value as an array in /home/ubuntu/workspace/brduncan/hw/hw2/inc/functions.php on line 22
[16-Sep-2017 01:26:55 UTC] PHP Stack trace:
[16-Sep-2017 01:26:55 UTC] PHP   1. {main}() /home/ubuntu/workspace/brduncan/hw/hw2/index.php:0
[16-Sep-2017 01:26:55 UTC] PHP   2. play() /home/ubuntu/workspace/brduncan/hw/hw2/index.php:14
[16-Sep-2017 01:26:55 UTC] PHP   3. generateTeams() /home/ubuntu/workspace/brduncan/hw/hw2/inc/functions.php:14
[16-Sep-2017 01:26:55 UTC] PHP Warning:  Cannot use a scalar value as an array in /home/ubuntu/workspace/brduncan/hw/hw2/inc/functions.php on line 22
[16-Sep-2017 01:26:55 UTC] PHP Stack trace:
[16-Sep-2017 01:26:55 UTC] PHP   1. {main}() /home/ubuntu/workspace/brduncan/hw/hw2/index.php:0
[16-Sep-2017 01:26:55 UTC] PHP   2. play() /home/ubuntu/workspace/brduncan/hw/hw2/index.php:14
[16-Sep-2017 01:26:55 UTC] PHP   3. generateTeams() /home/ubuntu/workspace/brduncan/hw/hw2/inc/functions.php:14
[16-Sep-2017 01:26:55 UTC] PHP Warning:  Cannot use a scalar value as an array in /home/ubuntu/workspace/brduncan/hw/hw2/inc/functions.php on line 22
[16-Sep-2017 01:26:55 UTC] PHP Stack trace:
[16-Sep-2017 01:26:55 UTC] PHP   1. {main}() /home/ubuntu/workspace/brduncan/hw/hw2/index.php:0
[16-Sep-2017 01:26:55 UTC] PHP   2. play() /home/ubuntu/workspace/brduncan/hw/hw2/index.php:14
[16-Sep-2017 01:26:55 UTC] PHP   3. generateTeams() /home/ubuntu/workspace/brduncan/hw/hw2/inc/functions.php:14
[16-Sep-2017 01:26:55 UTC] PHP Warning:  Cannot use a scalar value as an array in /home/ubuntu/workspace/brduncan/hw/hw2/inc/functions.php on line 22
[16-Sep-2017 01:26:55 UTC] PHP Stack trace:
[16-Sep-2017 01:26:55 UTC] PHP   1. {main}() /home/ubuntu/workspace/brduncan/hw/hw2/index.php:0
[16-Sep-2017 01:26:55 UTC] PHP   2. play() /home/ubuntu/workspace/brduncan/hw/hw2/index.php:14
[16-Sep-2017 01:26:55 UTC] PHP   3. generateTeams() /home/ubuntu/workspace/brduncan/hw/hw2/inc/functions.php:14
[16-Sep-2017 01:26:55 UTC] PHP Warning:  Cannot use a scalar value as an array in /home/ubuntu/workspace/brduncan/hw/hw2/inc/functions.php on line 22
[16-Sep-2017 01:26:55 UTC] PHP Stack trace:
[16-Sep-2017 01:26:55 UTC] PHP   1. {main}() /home/ubuntu/workspace/brduncan/hw/hw2/index.php:0
[16-Sep-2017 01:26:55 UTC] PHP   2. play() /home/ubuntu/workspace/brduncan/hw/hw2/index.php:14
[16-Sep-2017 01:26:55 UTC] PHP   3. generateTeams() /home/ubuntu/workspace/brduncan/hw/hw2/inc/functions.php:14
[16-Sep-2017 01:26:55 UTC] PHP Warning:  Cannot use a scalar value as an array in /home/ubuntu/workspace/brduncan/hw/hw2/inc/functions.php on line 22
[16-Sep-2017 01:26:55 UTC] PHP Stack trace:
[16-Sep-2017 01:26:55 UTC] PHP   1. {main}() /home/ubuntu/workspace/brduncan/hw/hw2/index.php:0
[16-Sep-2017 01:26:55 UTC] PHP   2. play() /home/ubuntu/workspace/brduncan/hw/hw2/index.php:14
[16-Sep-2017 01:26:55 UTC] PHP   3. generateTeams() /home/ubuntu/workspace/brduncan/hw/hw2/inc/functions.php:14
[16-Sep-2017 01:26:55 UTC] PHP Warning:  Cannot use a scalar value as an array in /home/ubuntu/workspace/brduncan/hw/hw2/inc/functions.php on line 22
[16-Sep-2017 01:26:55 UTC] PHP Stack trace:
[16-Sep-2017 01:26:55 UTC] PHP   1. {main}() /home/ubuntu/workspace/brduncan/hw/hw2/index.php:0
[16-Sep-2017 01:26:55 UTC] PHP   2. play() /home/ubuntu/workspace/brduncan/hw/hw2/index.php:14
[16-Sep-2017 01:26:55 UTC] PHP   3. generateTeams() /home/ubuntu/workspace/brduncan/hw/hw2/inc/functions.php:14
[16-Sep-2017 01:26:55 UTC] PHP Warning:  Cannot use a scalar value as an array in /home/ubuntu/workspace/brduncan/hw/hw2/inc/functions.php on line 22
[16-Sep-2017 01:26:55 UTC] PHP Stack trace:
[16-Sep-2017 01:26:55 UTC] PHP   1. {main}() /home/ubuntu/workspace/brduncan/hw/hw2/index.php:0
[16-Sep-2017 01:26:55 UTC] PHP   2. play() /home/ubuntu/workspace/brduncan/hw/hw2/index.php:14
[16-Sep-2017 01:26:55 UTC] PHP   3. generateTeams() /home/ubuntu/workspace/brduncan/hw/hw2/inc/functions.php:14
[16-Sep-2017 01:26:55 UTC] PHP Warning:  Cannot use a scalar value as an array in /home/ubuntu/workspace/brduncan/hw/hw2/inc/functions.php on line 22
[16-Sep-2017 01:26:55 UTC] PHP Stack trace:
[16-Sep-2017 01:26:55 UTC] PHP   1. {main}() /home/ubuntu/workspace/brduncan/hw/hw2/index.php:0
[16-Sep-2017 01:26:55 UTC] PHP   2. play() /home/ubuntu/workspace/brduncan/hw/hw2/index.php:14
[16-Sep-2017 01:26:55 UTC] PHP   3. generateTeams() /home/ubuntu/workspace/brduncan/hw/hw2/inc/functions.php:14
[16-Sep-2017 01:26:55 UTC] PHP Warning:  Cannot use a scalar value as an array in /home/ubuntu/workspace/brduncan/hw/hw2/inc/functions.php on line 22
[16-Sep-2017 01:26:55 UTC] PHP Stack trace:
[16-Sep-2017 01:26:55 UTC] PHP   1. {main}() /home/ubuntu/workspace/brduncan/hw/hw2/index.php:0
[16-Sep-2017 01:26:55 UTC] PHP   2. play() /home/ubuntu/workspace/brduncan/hw/hw2/index.php:14
[16-Sep-2017 01:26:55 UTC] PHP   3. generateTeams() /home/ubuntu/workspace/brduncan/hw/hw2/inc/functions.php:14
[16-Sep-2017 01:26:55 UTC] PHP Warning:  Cannot use a scalar value as an array in /home/ubuntu/workspace/brduncan/hw/hw2/inc/functions.php on line 22
[16-Sep-2017 01:26:55 UTC] PHP Stack trace:
[16-Sep-2017 01:26:55 UTC] PHP   1. {main}() /home/ubuntu/workspace/brduncan/hw/hw2/index.php:0
[16-Sep-2017 01:26:55 UTC] PHP   2. play() /home/ubuntu/workspace/brduncan/hw/hw2/index.php:14
[16-Sep-2017 01:26:55 UTC] PHP   3. generateTeams() /home/ubuntu/workspace/brduncan/hw/hw2/inc/functions.php:14
[16-Sep-2017 01:56:45 UTC] PHP Fatal error:  Cannot use [] for reading in /home/ubuntu/workspace/brduncan/hw/hw2/inc/functions.php on line 10
[16-Sep-2017 01:56:45 UTC] PHP Stack trace:
[16-Sep-2017 01:56:45 UTC] PHP   1. {main}() /home/ubuntu/workspace/brduncan/hw/hw2/index.php:0
[16-Sep-2017 01:56:59 UTC] PHP Parse error:  syntax error, unexpected 'global' (T_GLOBAL) in /home/ubuntu/workspace/brduncan/hw/hw2/inc/functions.php on line 64
[16-Sep-2017 01:56:59 UTC] PHP Stack trace:
[16-Sep-2017 01:56:59 UTC] PHP   1. {main}() /home/ubuntu/workspace/brduncan/hw/hw2/index.php:0
[16-Sep-2017 02:02:02 UTC] PHP Parse error:  syntax error, unexpected '&' in /home/ubuntu/workspace/brduncan/hw/hw2/inc/functions.php on line 60
[16-Sep-2017 02:02:02 UTC] PHP Stack trace:
[16-Sep-2017 02:02:02 UTC] PHP   1. {main}() /home/ubuntu/workspace/brduncan/hw/hw2/index.php:0
[16-Sep-2017 02:12:42 UTC] PHP Fatal error:  Call-time pass-by-reference has been removed in /home/ubuntu/workspace/brduncan/hw/hw2/inc/functions.php on line 82
[16-Sep-2017 02:12:42 UTC] PHP Stack trace:
[16-Sep-2017 02:12:42 UTC] PHP   1. {main}() /home/ubuntu/workspace/brduncan/hw/hw2/index.php:0
[16-Sep-2017 02:13:14 UTC] PHP Fatal error:  Call-time pass-by-reference has been removed in /home/ubuntu/workspace/brduncan/hw/hw2/inc/functions.php on line 84
[16-Sep-2017 02:13:14 UTC] PHP Stack trace:
[16-Sep-2017 02:13:14 UTC] PHP   1. {main}() /home/ubuntu/workspace/brduncan/hw/hw2/index.php:0
[16-Sep-2017 02:13:35 UTC] PHP Fatal error:  Call-time pass-by-reference has been removed in /home/ubuntu/workspace/brduncan/hw/hw2/inc/functions.php on line 82
[16-Sep-2017 02:13:35 UTC] PHP Stack trace:
[16-Sep-2017 02:13:35 UTC] PHP   1. {main}() /home/ubuntu/workspace/brduncan/hw/hw2/index.php:0
[16-Sep-2017 02:13:42 UTC] PHP Warning:  Invalid argument supplied for foreach() in /home/ubuntu/workspace/brduncan/hw/hw2/inc/functions.php on line 37
[16-Sep-2017 02:13:42 UTC] PHP Stack trace:
[16-Sep-2017 02:13:42 UTC] PHP   1. {main}() /home/ubuntu/workspace/brduncan/hw/hw2/index.php:0
[16-Sep-2017 02:13:42 UTC] PHP   2. include() /home/ubuntu/workspace/brduncan/hw/hw2/index.php:12
[16-Sep-2017 02:13:42 UTC] PHP   3. doThing() /home/ubuntu/workspace/brduncan/hw/hw2/inc/functions.php:10
[16-Sep-2017 02:15:01 UTC] PHP Warning:  Invalid argument supplied for foreach() in /home/ubuntu/workspace/brduncan/hw/hw2/inc/functions.php on line 38
[16-Sep-2017 02:15:01 UTC] PHP Stack trace:
[16-Sep-2017 02:15:01 UTC] PHP   1. {main}() /home/ubuntu/workspace/brduncan/hw/hw2/index.php:0
[16-Sep-2017 02:15:01 UTC] PHP   2. include() /home/ubuntu/workspace/brduncan/hw/hw2/index.php:12
[16-Sep-2017 02:15:01 UTC] PHP   3. doThing() /home/ubuntu/workspace/brduncan/hw/hw2/inc/functions.php:10
[16-Sep-2017 02:30:48 UTC] PHP Warning:  Invalid argument supplied for foreach() in /home/ubuntu/workspace/brduncan/hw/hw2/inc/functions.php on line 63
[16-Sep-2017 02:30:48 UTC] PHP Stack trace:
[16-Sep-2017 02:30:48 UTC] PHP   1. {main}() /home/ubuntu/workspace/brduncan/hw/hw2/index.php:0
[16-Sep-2017 02:30:48 UTC] PHP   2. play() /home/ubuntu/workspace/brduncan/hw/hw2/index.php:14
[16-Sep-2017 02:30:48 UTC] PHP   3. generateTeams() /home/ubuntu/workspace/brduncan/hw/hw2/inc/functions.php:32
[16-Sep-2017 02:31:08 UTC] PHP Warning:  Invalid argument supplied for foreach() in /home/ubuntu/workspace/brduncan/hw/hw2/inc/functions.php on line 63
[16-Sep-2017 02:31:08 UTC] PHP Stack trace:
[16-Sep-2017 02:31:08 UTC] PHP   1. {main}() /home/ubuntu/workspace/brduncan/hw/hw2/index.php:0
[16-Sep-2017 02:31:08 UTC] PHP   2. play() /home/ubuntu/workspace/brduncan/hw/hw2/index.php:14
[16-Sep-2017 02:31:08 UTC] PHP   3. generateTeams() /home/ubuntu/workspace/brduncan/hw/hw2/inc/functions.php:32
