[05-Sep-2017 18:06:20 UTC] PHP Fatal error:  Call to undefined function displaySymbol() in /home/ubuntu/workspace/brduncan/labs/lab2/index.php on line 17
[05-Sep-2017 18:06:20 UTC] PHP Stack trace:
[05-Sep-2017 18:06:20 UTC] PHP   1. {main}() /home/ubuntu/workspace/brduncan/labs/lab2/index.php:0
[05-Sep-2017 18:11:57 UTC] PHP Parse error:  syntax error, unexpected 'else' (T_ELSE) in /home/ubuntu/workspace/brduncan/labs/lab2/index.php on line 53
[05-Sep-2017 18:12:04 UTC] PHP Parse error:  syntax error, unexpected 'else' (T_ELSE) in /home/ubuntu/workspace/brduncan/labs/lab2/index.php on line 53
[05-Sep-2017 18:12:05 UTC] PHP Parse error:  syntax error, unexpected 'else' (T_ELSE) in /home/ubuntu/workspace/brduncan/labs/lab2/index.php on line 53
[14-Sep-2017 18:25:12 UTC] PHP Parse error:  syntax error, unexpected ';' in /home/ubuntu/workspace/brduncan/labs/lab3/index.php on line 20
[26-Sep-2017 03:41:11 UTC] PHP Parse error:  syntax error, unexpected end of file in /home/ubuntu/workspace/brduncan/labs/lab4/index.php on line 74
[26-Sep-2017 03:41:32 UTC] PHP Parse error:  syntax error, unexpected end of file in /home/ubuntu/workspace/brduncan/labs/lab4/index.php on line 74
[26-Sep-2017 03:47:31 UTC] PHP Parse error:  syntax error, unexpected end of file in /home/ubuntu/workspace/brduncan/labs/lab4/index.php on line 81
[26-Sep-2017 04:21:48 UTC] PHP Fatal error:  Maximum execution time of 300 seconds exceeded in /home/ubuntu/workspace/brduncan/labs/lab4/tryingToMakeCarousel.php on line 49
[26-Sep-2017 04:21:48 UTC] PHP Stack trace:
[26-Sep-2017 04:21:48 UTC] PHP   1. {main}() /home/ubuntu/workspace/brduncan/labs/lab4/tryingToMakeCarousel.php:0
[27-Sep-2017 23:13:23 UTC] PHP Parse error:  syntax error, unexpected 'if' (T_IF), expecting while (T_WHILE) in /home/ubuntu/workspace/brduncan/labs/lab4/index.php on line 102
[27-Sep-2017 23:19:14 UTC] PHP Parse error:  syntax error, unexpected '<' in /home/ubuntu/workspace/brduncan/labs/lab4/index.php on line 40
[28-Sep-2017 00:11:34 UTC] PHP Fatal error:  Maximum execution time of 300 seconds exceeded in /home/ubuntu/workspace/brduncan/labs/lab4/index.php on line 61
[28-Sep-2017 00:11:34 UTC] PHP Stack trace:
[28-Sep-2017 00:11:34 UTC] PHP   1. {main}() /home/ubuntu/workspace/brduncan/labs/lab4/index.php:0
[28-Sep-2017 00:12:37 UTC] PHP Fatal error:  Maximum execution time of 300 seconds exceeded in /home/ubuntu/workspace/brduncan/labs/lab4/index.php on line 61
[28-Sep-2017 00:12:37 UTC] PHP Stack trace:
[28-Sep-2017 00:12:37 UTC] PHP   1. {main}() /home/ubuntu/workspace/brduncan/labs/lab4/index.php:0
[29-Sep-2017 23:54:37 UTC] PHP Fatal error:  Maximum execution time of 300 seconds exceeded in /home/ubuntu/workspace/brduncan/labs/lab4/index.php on line 99
[29-Sep-2017 23:54:37 UTC] PHP Stack trace:
[29-Sep-2017 23:54:37 UTC] PHP   1. {main}() /home/ubuntu/workspace/brduncan/labs/lab4/index.php:0
[05-Oct-2017 18:43:20 UTC] PHP Fatal error:  Call to undefined function getAllQuotes() in /home/ubuntu/workspace/brduncan/labs/lab5/index.php on line 52
[05-Oct-2017 18:43:20 UTC] PHP Stack trace:
[05-Oct-2017 18:43:20 UTC] PHP   1. {main}() /home/ubuntu/workspace/brduncan/labs/lab5/index.php:0
[05-Oct-2017 18:44:49 UTC] PHP Fatal error:  Uncaught exception 'PDOException' with message 'SQLSTATE[42S22]: Column not found: 1054 Unknown column 'quote' in 'field list'' in /home/ubuntu/workspace/brduncan/labs/lab5/index.php:21
Stack trace:
#0 /home/ubuntu/workspace/brduncan/labs/lab5/index.php(21): PDOStatement->execute()
#1 /home/ubuntu/workspace/brduncan/labs/lab5/index.php(72): getAllQuotes()
#2 {main}
  thrown in /home/ubuntu/workspace/brduncan/labs/lab5/index.php on line 21
[05-Oct-2017 18:45:14 UTC] PHP Fatal error:  Uncaught exception 'PDOException' with message 'SQLSTATE[42S02]: Base table or view not found: 1146 Table 'quotes.q_quotes' doesn't exist' in /home/ubuntu/workspace/brduncan/labs/lab5/index.php:21
Stack trace:
#0 /home/ubuntu/workspace/brduncan/labs/lab5/index.php(21): PDOStatement->execute()
#1 /home/ubuntu/workspace/brduncan/labs/lab5/index.php(72): getAllQuotes()
#2 {main}
  thrown in /home/ubuntu/workspace/brduncan/labs/lab5/index.php on line 21
