[12-Sep-2017 17:17:37 UTC] PHP Fatal error:  Call to undefined function displayPoints() in /home/ubuntu/workspace/brduncan/challenges/challenge2/inc/functions.php on line 8
[12-Sep-2017 17:17:37 UTC] PHP Stack trace:
[12-Sep-2017 17:17:37 UTC] PHP   1. {main}() /home/ubuntu/workspace/brduncan/challenges/challenge2/index.php:0
[12-Sep-2017 17:17:37 UTC] PHP   2. play() /home/ubuntu/workspace/brduncan/challenges/challenge2/index.php:19
[12-Sep-2017 17:17:44 UTC] PHP Fatal error:  Call to undefined function displayPoints() in /home/ubuntu/workspace/brduncan/challenges/challenge2/inc/functions.php on line 8
[12-Sep-2017 17:17:44 UTC] PHP Stack trace:
[12-Sep-2017 17:17:44 UTC] PHP   1. {main}() /home/ubuntu/workspace/brduncan/challenges/challenge2/index.php:0
[12-Sep-2017 17:17:44 UTC] PHP   2. play() /home/ubuntu/workspace/brduncan/challenges/challenge2/index.php:19
[12-Sep-2017 17:17:47 UTC] PHP Fatal error:  Call to undefined function displayPoints() in /home/ubuntu/workspace/brduncan/challenges/challenge2/inc/functions.php on line 8
[12-Sep-2017 17:17:47 UTC] PHP Stack trace:
[12-Sep-2017 17:17:47 UTC] PHP   1. {main}() /home/ubuntu/workspace/brduncan/challenges/challenge2/index.php:0
[12-Sep-2017 17:17:47 UTC] PHP   2. play() /home/ubuntu/workspace/brduncan/challenges/challenge2/index.php:19
[12-Sep-2017 17:17:52 UTC] PHP Fatal error:  Call to undefined function displayPoints() in /home/ubuntu/workspace/brduncan/challenges/challenge2/inc/functions.php on line 8
[12-Sep-2017 17:17:52 UTC] PHP Stack trace:
[12-Sep-2017 17:17:52 UTC] PHP   1. {main}() /home/ubuntu/workspace/brduncan/challenges/challenge2/index.php:0
[12-Sep-2017 17:17:52 UTC] PHP   2. play() /home/ubuntu/workspace/brduncan/challenges/challenge2/index.php:19
[12-Sep-2017 17:18:22 UTC] PHP Fatal error:  Call to undefined function displayPoints() in /home/ubuntu/workspace/brduncan/challenges/challenge2/inc/functions.php on line 8
[12-Sep-2017 17:18:22 UTC] PHP Stack trace:
[12-Sep-2017 17:18:22 UTC] PHP   1. {main}() /home/ubuntu/workspace/brduncan/challenges/challenge2/index.php:0
[12-Sep-2017 17:18:22 UTC] PHP   2. play() /home/ubuntu/workspace/brduncan/challenges/challenge2/index.php:19
[12-Sep-2017 17:18:25 UTC] PHP Fatal error:  Call to undefined function displayPoints() in /home/ubuntu/workspace/brduncan/challenges/challenge2/inc/functions.php on line 8
[12-Sep-2017 17:18:25 UTC] PHP Stack trace:
[12-Sep-2017 17:18:25 UTC] PHP   1. {main}() /home/ubuntu/workspace/brduncan/challenges/challenge2/index.php:0
[12-Sep-2017 17:18:25 UTC] PHP   2. play() /home/ubuntu/workspace/brduncan/challenges/challenge2/index.php:19
[12-Sep-2017 17:18:32 UTC] PHP Fatal error:  Call to undefined function displayPoints() in /home/ubuntu/workspace/brduncan/challenges/challenge2/inc/functions.php on line 8
[12-Sep-2017 17:18:32 UTC] PHP Stack trace:
[12-Sep-2017 17:18:32 UTC] PHP   1. {main}() /home/ubuntu/workspace/brduncan/challenges/challenge2/index.php:0
[12-Sep-2017 17:18:32 UTC] PHP   2. play() /home/ubuntu/workspace/brduncan/challenges/challenge2/index.php:19
[12-Sep-2017 17:18:38 UTC] PHP Fatal error:  Call to undefined function displayPoints() in /home/ubuntu/workspace/brduncan/challenges/challenge2/inc/functions.php on line 8
[12-Sep-2017 17:18:38 UTC] PHP Stack trace:
[12-Sep-2017 17:18:38 UTC] PHP   1. {main}() /home/ubuntu/workspace/brduncan/challenges/challenge2/index.php:0
[12-Sep-2017 17:18:38 UTC] PHP   2. play() /home/ubuntu/workspace/brduncan/challenges/challenge2/index.php:19
[12-Sep-2017 17:18:42 UTC] PHP Fatal error:  Call to undefined function displayPoints() in /home/ubuntu/workspace/brduncan/challenges/challenge2/inc/functions.php on line 8
[12-Sep-2017 17:18:42 UTC] PHP Stack trace:
[12-Sep-2017 17:18:42 UTC] PHP   1. {main}() /home/ubuntu/workspace/brduncan/challenges/challenge2/index.php:0
[12-Sep-2017 17:18:42 UTC] PHP   2. play() /home/ubuntu/workspace/brduncan/challenges/challenge2/index.php:19
[12-Sep-2017 17:22:33 UTC] PHP Warning:  Missing argument 3 for displayPoints(), called in /home/ubuntu/workspace/brduncan/challenges/challenge2/inc/functions.php on line 8 and defined in /home/ubuntu/workspace/brduncan/challenges/challenge2/inc/functions.php on line 38
[12-Sep-2017 17:22:33 UTC] PHP Stack trace:
[12-Sep-2017 17:22:33 UTC] PHP   1. {main}() /home/ubuntu/workspace/brduncan/challenges/challenge2/index.php:0
[12-Sep-2017 17:22:33 UTC] PHP   2. play() /home/ubuntu/workspace/brduncan/challenges/challenge2/index.php:19
[12-Sep-2017 17:22:33 UTC] PHP   3. displayPoints() /home/ubuntu/workspace/brduncan/challenges/challenge2/inc/functions.php:8
[12-Sep-2017 17:28:29 UTC] PHP Warning:  Missing argument 3 for displayPoints(), called in /home/ubuntu/workspace/brduncan/challenges/challenge2/inc/functions.php on line 8 and defined in /home/ubuntu/workspace/brduncan/challenges/challenge2/inc/functions.php on line 38
[12-Sep-2017 17:28:29 UTC] PHP Stack trace:
[12-Sep-2017 17:28:29 UTC] PHP   1. {main}() /home/ubuntu/workspace/brduncan/challenges/challenge2/index.php:0
[12-Sep-2017 17:28:29 UTC] PHP   2. play() /home/ubuntu/workspace/brduncan/challenges/challenge2/index.php:19
[12-Sep-2017 17:28:29 UTC] PHP   3. displayPoints() /home/ubuntu/workspace/brduncan/challenges/challenge2/inc/functions.php:8
[12-Sep-2017 17:28:30 UTC] PHP Warning:  Missing argument 3 for displayPoints(), called in /home/ubuntu/workspace/brduncan/challenges/challenge2/inc/functions.php on line 8 and defined in /home/ubuntu/workspace/brduncan/challenges/challenge2/inc/functions.php on line 38
[12-Sep-2017 17:28:30 UTC] PHP Stack trace:
[12-Sep-2017 17:28:30 UTC] PHP   1. {main}() /home/ubuntu/workspace/brduncan/challenges/challenge2/index.php:0
[12-Sep-2017 17:28:30 UTC] PHP   2. play() /home/ubuntu/workspace/brduncan/challenges/challenge2/index.php:19
[12-Sep-2017 17:28:30 UTC] PHP   3. displayPoints() /home/ubuntu/workspace/brduncan/challenges/challenge2/inc/functions.php:8
[12-Sep-2017 17:28:49 UTC] PHP Warning:  Missing argument 3 for displayPoints(), called in /home/ubuntu/workspace/brduncan/challenges/challenge2/inc/functions.php on line 8 and defined in /home/ubuntu/workspace/brduncan/challenges/challenge2/inc/functions.php on line 38
[12-Sep-2017 17:28:49 UTC] PHP Stack trace:
[12-Sep-2017 17:28:49 UTC] PHP   1. {main}() /home/ubuntu/workspace/brduncan/challenges/challenge2/index.php:0
[12-Sep-2017 17:28:49 UTC] PHP   2. play() /home/ubuntu/workspace/brduncan/challenges/challenge2/index.php:19
[12-Sep-2017 17:28:49 UTC] PHP   3. displayPoints() /home/ubuntu/workspace/brduncan/challenges/challenge2/inc/functions.php:8
[12-Sep-2017 17:28:56 UTC] PHP Warning:  Missing argument 3 for displayPoints(), called in /home/ubuntu/workspace/brduncan/challenges/challenge2/inc/functions.php on line 8 and defined in /home/ubuntu/workspace/brduncan/challenges/challenge2/inc/functions.php on line 38
[12-Sep-2017 17:28:56 UTC] PHP Stack trace:
[12-Sep-2017 17:28:56 UTC] PHP   1. {main}() /home/ubuntu/workspace/brduncan/challenges/challenge2/index.php:0
[12-Sep-2017 17:28:56 UTC] PHP   2. play() /home/ubuntu/workspace/brduncan/challenges/challenge2/index.php:19
[12-Sep-2017 17:28:56 UTC] PHP   3. displayPoints() /home/ubuntu/workspace/brduncan/challenges/challenge2/inc/functions.php:8
[12-Sep-2017 17:28:59 UTC] PHP Warning:  Missing argument 3 for displayPoints(), called in /home/ubuntu/workspace/brduncan/challenges/challenge2/inc/functions.php on line 8 and defined in /home/ubuntu/workspace/brduncan/challenges/challenge2/inc/functions.php on line 38
[12-Sep-2017 17:28:59 UTC] PHP Stack trace:
[12-Sep-2017 17:28:59 UTC] PHP   1. {main}() /home/ubuntu/workspace/brduncan/challenges/challenge2/index.php:0
[12-Sep-2017 17:28:59 UTC] PHP   2. play() /home/ubuntu/workspace/brduncan/challenges/challenge2/index.php:19
[12-Sep-2017 17:28:59 UTC] PHP   3. displayPoints() /home/ubuntu/workspace/brduncan/challenges/challenge2/inc/functions.php:8
[12-Sep-2017 17:29:52 UTC] PHP Warning:  Missing argument 3 for displayPoints(), called in /home/ubuntu/workspace/brduncan/challenges/challenge2/inc/functions.php on line 8 and defined in /home/ubuntu/workspace/brduncan/challenges/challenge2/inc/functions.php on line 38
[12-Sep-2017 17:29:52 UTC] PHP Stack trace:
[12-Sep-2017 17:29:52 UTC] PHP   1. {main}() /home/ubuntu/workspace/brduncan/challenges/challenge2/index.php:0
[12-Sep-2017 17:29:52 UTC] PHP   2. play() /home/ubuntu/workspace/brduncan/challenges/challenge2/index.php:19
[12-Sep-2017 17:29:52 UTC] PHP   3. displayPoints() /home/ubuntu/workspace/brduncan/challenges/challenge2/inc/functions.php:8
